In file included from [01m[K/home/h/RC2026/world_ws8/src/3dto2d/src/package/debug_hsv.cpp:4[m[K:
[01m[K/home/h/RC2026/world_ws8/src/3dto2d/src/package/debug_hsv.h:29:10:[m[K [01;31m[Kfatal error: [m[Kzbuffer_simplify.h: æ²¡æœ‰é‚£ä¸ªæ–‡ä»¶æˆ–ç›®å½•
   29 | #include [01;31m[K"zbuffer_simplify.h"[m[K
      |          [01;31m[K^~~~~~~~~~~~~~~~~~~~[m[K
compilation terminated.
make[2]: *** [CMakeFiles/3dto2d_ten_utils.dir/build.make:102ï¼šCMakeFiles/3dto2d_ten_utils.dir/src/package/debug_hsv.cpp.o] é”™è¯¯ 1
make[2]: *** æ­£åœ¨ç­‰å¾…æœªå®Œæˆçš„ä»»åŠ¡....
make[1]: *** [CMakeFiles/Makefile2:225ï¼šCMakeFiles/3dto2d_ten_utils.dir/all] é”™è¯¯ 2
make: *** [Makefile:141ï¼šall] é”™è¯¯ 2
